
*** Running vivado
    with args -log hdmi_auto_us_0.vds -m64 -product Vivado -mode batch -messageDb vivado.pb -notrace -source hdmi_auto_us_0.tcl


****** Vivado v2016.4 (64-bit)
  **** SW Build 1756540 on Mon Jan 23 19:11:23 MST 2017
  **** IP Build 1755317 on Mon Jan 23 20:30:07 MST 2017
    ** Copyright 1986-2016 Xilinx, Inc. All Rights Reserved.

Sourcing tcl script 'C:/Xilinx/Vivado/2016.4/scripts/init.tcl'
209 Beta devices matching pattern found, 24 enabled.
source hdmi_auto_us_0.tcl -notrace
Starting RTL Elaboration : Time (s): cpu = 00:00:14 ; elapsed = 00:00:25 . Memory (MB): peak = 362.652 ; gain = 153.238
INFO: [Synth 8-638] synthesizing module 'hdmi_auto_us_0' [c:/Users/aptay/Downloads/Nexys-Video-HDMI-master/Nexys-Video-HDMI-master/src/bd/hdmi/ip/hdmi_auto_us_0/synth/hdmi_auto_us_0.v:58]
INFO: [Synth 8-638] synthesizing module 'axi_dwidth_converter_v2_1_11_top' [c:/Users/aptay/Downloads/Nexys-Video-HDMI-master/Nexys-Video-HDMI-master/src/bd/hdmi/ipshared/a4c8/hdl/axi_dwidth_converter_v2_1_vlsyn_rfs.v:14452]
INFO: [Synth 8-638] synthesizing module 'axi_dwidth_converter_v2_1_11_axi_upsizer' [c:/Users/aptay/Downloads/Nexys-Video-HDMI-master/Nexys-Video-HDMI-master/src/bd/hdmi/ipshared/a4c8/hdl/axi_dwidth_converter_v2_1_vlsyn_rfs.v:7037]
INFO: [Synth 8-638] synthesizing module 'axi_dwidth_converter_v2_1_11_r_upsizer' [c:/Users/aptay/Downloads/Nexys-Video-HDMI-master/Nexys-Video-HDMI-master/src/bd/hdmi/ipshared/a4c8/hdl/axi_dwidth_converter_v2_1_vlsyn_rfs.v:4652]
INFO: [Synth 8-256] done synthesizing module 'axi_dwidth_converter_v2_1_11_r_upsizer' (1#1) [c:/Users/aptay/Downloads/Nexys-Video-HDMI-master/Nexys-Video-HDMI-master/src/bd/hdmi/ipshared/a4c8/hdl/axi_dwidth_converter_v2_1_vlsyn_rfs.v:4652]
INFO: [Synth 8-638] synthesizing module 'axi_register_slice_v2_1_11_axi_register_slice' [c:/Users/aptay/Downloads/Nexys-Video-HDMI-master/Nexys-Video-HDMI-master/src/bd/hdmi/ipshared/0b6b/hdl/axi_register_slice_v2_1_vl_rfs.v:791]
INFO: [Synth 8-638] synthesizing module 'axi_infrastructure_v1_1_0_axi2vector' [c:/Users/aptay/Downloads/Nexys-Video-HDMI-master/Nexys-Video-HDMI-master/src/bd/hdmi/ipshared/7e3a/hdl/axi_infrastructure_v1_1_vl_rfs.v:60]
INFO: [Synth 8-256] done synthesizing module 'axi_infrastructure_v1_1_0_axi2vector' (2#1) [c:/Users/aptay/Downloads/Nexys-Video-HDMI-master/Nexys-Video-HDMI-master/src/bd/hdmi/ipshared/7e3a/hdl/axi_infrastructure_v1_1_vl_rfs.v:60]
INFO: [Synth 8-638] synthesizing module 'axi_register_slice_v2_1_11_axic_register_slice' [c:/Users/aptay/Downloads/Nexys-Video-HDMI-master/Nexys-Video-HDMI-master/src/bd/hdmi/ipshared/0b6b/hdl/axi_register_slice_v2_1_vl_rfs.v:85]
INFO: [Synth 8-256] done synthesizing module 'axi_register_slice_v2_1_11_axic_register_slice' (3#1) [c:/Users/aptay/Downloads/Nexys-Video-HDMI-master/Nexys-Video-HDMI-master/src/bd/hdmi/ipshared/0b6b/hdl/axi_register_slice_v2_1_vl_rfs.v:85]
INFO: [Synth 8-638] synthesizing module 'axi_register_slice_v2_1_11_axic_register_slice__parameterized0' [c:/Users/aptay/Downloads/Nexys-Video-HDMI-master/Nexys-Video-HDMI-master/src/bd/hdmi/ipshared/0b6b/hdl/axi_register_slice_v2_1_vl_rfs.v:85]
INFO: [Synth 8-256] done synthesizing module 'axi_register_slice_v2_1_11_axic_register_slice__parameterized0' (3#1) [c:/Users/aptay/Downloads/Nexys-Video-HDMI-master/Nexys-Video-HDMI-master/src/bd/hdmi/ipshared/0b6b/hdl/axi_register_slice_v2_1_vl_rfs.v:85]
INFO: [Synth 8-638] synthesizing module 'axi_register_slice_v2_1_11_axic_register_slice__parameterized1' [c:/Users/aptay/Downloads/Nexys-Video-HDMI-master/Nexys-Video-HDMI-master/src/bd/hdmi/ipshared/0b6b/hdl/axi_register_slice_v2_1_vl_rfs.v:85]
INFO: [Synth 8-256] done synthesizing module 'axi_register_slice_v2_1_11_axic_register_slice__parameterized1' (3#1) [c:/Users/aptay/Downloads/Nexys-Video-HDMI-master/Nexys-Video-HDMI-master/src/bd/hdmi/ipshared/0b6b/hdl/axi_register_slice_v2_1_vl_rfs.v:85]
INFO: [Synth 8-638] synthesizing module 'axi_register_slice_v2_1_11_axic_register_slice__parameterized2' [c:/Users/aptay/Downloads/Nexys-Video-HDMI-master/Nexys-Video-HDMI-master/src/bd/hdmi/ipshared/0b6b/hdl/axi_register_slice_v2_1_vl_rfs.v:85]
INFO: [Synth 8-256] done synthesizing module 'axi_register_slice_v2_1_11_axic_register_slice__parameterized2' (3#1) [c:/Users/aptay/Downloads/Nexys-Video-HDMI-master/Nexys-Video-HDMI-master/src/bd/hdmi/ipshared/0b6b/hdl/axi_register_slice_v2_1_vl_rfs.v:85]
INFO: [Synth 8-638] synthesizing module 'axi_infrastructure_v1_1_0_vector2axi' [c:/Users/aptay/Downloads/Nexys-Video-HDMI-master/Nexys-Video-HDMI-master/src/bd/hdmi/ipshared/7e3a/hdl/axi_infrastructure_v1_1_vl_rfs.v:474]
INFO: [Synth 8-256] done synthesizing module 'axi_infrastructure_v1_1_0_vector2axi' (4#1) [c:/Users/aptay/Downloads/Nexys-Video-HDMI-master/Nexys-Video-HDMI-master/src/bd/hdmi/ipshared/7e3a/hdl/axi_infrastructure_v1_1_vl_rfs.v:474]
INFO: [Synth 8-256] done synthesizing module 'axi_register_slice_v2_1_11_axi_register_slice' (5#1) [c:/Users/aptay/Downloads/Nexys-Video-HDMI-master/Nexys-Video-HDMI-master/src/bd/hdmi/ipshared/0b6b/hdl/axi_register_slice_v2_1_vl_rfs.v:791]
INFO: [Synth 8-638] synthesizing module 'axi_dwidth_converter_v2_1_11_a_upsizer' [c:/Users/aptay/Downloads/Nexys-Video-HDMI-master/Nexys-Video-HDMI-master/src/bd/hdmi/ipshared/a4c8/hdl/axi_dwidth_converter_v2_1_vlsyn_rfs.v:3603]
INFO: [Synth 8-638] synthesizing module 'generic_baseblocks_v2_1_0_command_fifo' [c:/Users/aptay/Downloads/Nexys-Video-HDMI-master/Nexys-Video-HDMI-master/src/bd/hdmi/ipshared/7ee0/hdl/generic_baseblocks_v2_1_vl_rfs.v:655]
INFO: [Synth 8-256] done synthesizing module 'generic_baseblocks_v2_1_0_command_fifo' (6#1) [c:/Users/aptay/Downloads/Nexys-Video-HDMI-master/Nexys-Video-HDMI-master/src/bd/hdmi/ipshared/7ee0/hdl/generic_baseblocks_v2_1_vl_rfs.v:655]
INFO: [Synth 8-256] done synthesizing module 'axi_dwidth_converter_v2_1_11_a_upsizer' (7#1) [c:/Users/aptay/Downloads/Nexys-Video-HDMI-master/Nexys-Video-HDMI-master/src/bd/hdmi/ipshared/a4c8/hdl/axi_dwidth_converter_v2_1_vlsyn_rfs.v:3603]
INFO: [Synth 8-638] synthesizing module 'axi_register_slice_v2_1_11_axi_register_slice__parameterized0' [c:/Users/aptay/Downloads/Nexys-Video-HDMI-master/Nexys-Video-HDMI-master/src/bd/hdmi/ipshared/0b6b/hdl/axi_register_slice_v2_1_vl_rfs.v:791]
INFO: [Synth 8-638] synthesizing module 'axi_infrastructure_v1_1_0_axi2vector__parameterized0' [c:/Users/aptay/Downloads/Nexys-Video-HDMI-master/Nexys-Video-HDMI-master/src/bd/hdmi/ipshared/7e3a/hdl/axi_infrastructure_v1_1_vl_rfs.v:60]
INFO: [Synth 8-256] done synthesizing module 'axi_infrastructure_v1_1_0_axi2vector__parameterized0' (7#1) [c:/Users/aptay/Downloads/Nexys-Video-HDMI-master/Nexys-Video-HDMI-master/src/bd/hdmi/ipshared/7e3a/hdl/axi_infrastructure_v1_1_vl_rfs.v:60]
INFO: [Synth 8-638] synthesizing module 'axi_register_slice_v2_1_11_axic_register_slice__parameterized3' [c:/Users/aptay/Downloads/Nexys-Video-HDMI-master/Nexys-Video-HDMI-master/src/bd/hdmi/ipshared/0b6b/hdl/axi_register_slice_v2_1_vl_rfs.v:85]
INFO: [Synth 8-256] done synthesizing module 'axi_register_slice_v2_1_11_axic_register_slice__parameterized3' (7#1) [c:/Users/aptay/Downloads/Nexys-Video-HDMI-master/Nexys-Video-HDMI-master/src/bd/hdmi/ipshared/0b6b/hdl/axi_register_slice_v2_1_vl_rfs.v:85]
INFO: [Synth 8-638] synthesizing module 'axi_register_slice_v2_1_11_axic_register_slice__parameterized4' [c:/Users/aptay/Downloads/Nexys-Video-HDMI-master/Nexys-Video-HDMI-master/src/bd/hdmi/ipshared/0b6b/hdl/axi_register_slice_v2_1_vl_rfs.v:85]
INFO: [Synth 8-256] done synthesizing module 'axi_register_slice_v2_1_11_axic_register_slice__parameterized4' (7#1) [c:/Users/aptay/Downloads/Nexys-Video-HDMI-master/Nexys-Video-HDMI-master/src/bd/hdmi/ipshared/0b6b/hdl/axi_register_slice_v2_1_vl_rfs.v:85]
INFO: [Synth 8-638] synthesizing module 'axi_register_slice_v2_1_11_axic_register_slice__parameterized5' [c:/Users/aptay/Downloads/Nexys-Video-HDMI-master/Nexys-Video-HDMI-master/src/bd/hdmi/ipshared/0b6b/hdl/axi_register_slice_v2_1_vl_rfs.v:85]
INFO: [Synth 8-256] done synthesizing module 'axi_register_slice_v2_1_11_axic_register_slice__parameterized5' (7#1) [c:/Users/aptay/Downloads/Nexys-Video-HDMI-master/Nexys-Video-HDMI-master/src/bd/hdmi/ipshared/0b6b/hdl/axi_register_slice_v2_1_vl_rfs.v:85]
INFO: [Synth 8-638] synthesizing module 'axi_register_slice_v2_1_11_axic_register_slice__parameterized6' [c:/Users/aptay/Downloads/Nexys-Video-HDMI-master/Nexys-Video-HDMI-master/src/bd/hdmi/ipshared/0b6b/hdl/axi_register_slice_v2_1_vl_rfs.v:85]
INFO: [Synth 8-256] done synthesizing module 'axi_register_slice_v2_1_11_axic_register_slice__parameterized6' (7#1) [c:/Users/aptay/Downloads/Nexys-Video-HDMI-master/Nexys-Video-HDMI-master/src/bd/hdmi/ipshared/0b6b/hdl/axi_register_slice_v2_1_vl_rfs.v:85]
INFO: [Synth 8-638] synthesizing module 'axi_infrastructure_v1_1_0_vector2axi__parameterized0' [c:/Users/aptay/Downloads/Nexys-Video-HDMI-master/Nexys-Video-HDMI-master/src/bd/hdmi/ipshared/7e3a/hdl/axi_infrastructure_v1_1_vl_rfs.v:474]
INFO: [Synth 8-256] done synthesizing module 'axi_infrastructure_v1_1_0_vector2axi__parameterized0' (7#1) [c:/Users/aptay/Downloads/Nexys-Video-HDMI-master/Nexys-Video-HDMI-master/src/bd/hdmi/ipshared/7e3a/hdl/axi_infrastructure_v1_1_vl_rfs.v:474]
INFO: [Synth 8-256] done synthesizing module 'axi_register_slice_v2_1_11_axi_register_slice__parameterized0' (7#1) [c:/Users/aptay/Downloads/Nexys-Video-HDMI-master/Nexys-Video-HDMI-master/src/bd/hdmi/ipshared/0b6b/hdl/axi_register_slice_v2_1_vl_rfs.v:791]
INFO: [Synth 8-256] done synthesizing module 'axi_dwidth_converter_v2_1_11_axi_upsizer' (8#1) [c:/Users/aptay/Downloads/Nexys-Video-HDMI-master/Nexys-Video-HDMI-master/src/bd/hdmi/ipshared/a4c8/hdl/axi_dwidth_converter_v2_1_vlsyn_rfs.v:7037]
INFO: [Synth 8-256] done synthesizing module 'axi_dwidth_converter_v2_1_11_top' (9#1) [c:/Users/aptay/Downloads/Nexys-Video-HDMI-master/Nexys-Video-HDMI-master/src/bd/hdmi/ipshared/a4c8/hdl/axi_dwidth_converter_v2_1_vlsyn_rfs.v:14452]
INFO: [Synth 8-256] done synthesizing module 'hdmi_auto_us_0' (10#1) [c:/Users/aptay/Downloads/Nexys-Video-HDMI-master/Nexys-Video-HDMI-master/src/bd/hdmi/ip/hdmi_auto_us_0/synth/hdmi_auto_us_0.v:58]
Finished RTL Elaboration : Time (s): cpu = 00:01:49 ; elapsed = 00:02:01 . Memory (MB): peak = 479.246 ; gain = 269.832
Finished RTL Optimization Phase 1 : Time (s): cpu = 00:01:49 ; elapsed = 00:02:02 . Memory (MB): peak = 479.246 ; gain = 269.832
INFO: [Device 21-403] Loading part xc7a200tsbg484-1
Constraint Validation Runtime : Time (s): cpu = 00:00:00 ; elapsed = 00:00:00.111 . Memory (MB): peak = 748.930 ; gain = 0.273
Finished Constraint Validation : Time (s): cpu = 00:02:03 ; elapsed = 00:02:16 . Memory (MB): peak = 748.930 ; gain = 539.516
Finished Loading Part and Timing Information : Time (s): cpu = 00:02:03 ; elapsed = 00:02:16 . Memory (MB): peak = 748.930 ; gain = 539.516
Finished applying 'set_property' XDC Constraints : Time (s): cpu = 00:02:03 ; elapsed = 00:02:16 . Memory (MB): peak = 748.930 ; gain = 539.516
Finished RTL Optimization Phase 2 : Time (s): cpu = 00:02:04 ; elapsed = 00:02:17 . Memory (MB): peak = 748.930 ; gain = 539.516
Finished Cross Boundary and Area Optimization : Time (s): cpu = 00:02:11 ; elapsed = 00:02:24 . Memory (MB): peak = 748.930 ; gain = 539.516
Finished Applying XDC Timing Constraints : Time (s): cpu = 00:02:23 ; elapsed = 00:02:37 . Memory (MB): peak = 748.930 ; gain = 539.516
Finished Timing Optimization : Time (s): cpu = 00:02:25 ; elapsed = 00:02:38 . Memory (MB): peak = 748.930 ; gain = 539.516
Finished Technology Mapping : Time (s): cpu = 00:02:25 ; elapsed = 00:02:39 . Memory (MB): peak = 748.930 ; gain = 539.516
Finished IO Insertion : Time (s): cpu = 00:02:26 ; elapsed = 00:02:40 . Memory (MB): peak = 748.930 ; gain = 539.516
Finished Renaming Generated Instances : Time (s): cpu = 00:02:26 ; elapsed = 00:02:40 . Memory (MB): peak = 748.930 ; gain = 539.516
Finished Rebuilding User Hierarchy : Time (s): cpu = 00:02:26 ; elapsed = 00:02:40 . Memory (MB): peak = 748.930 ; gain = 539.516
Finished Renaming Generated Ports : Time (s): cpu = 00:02:26 ; elapsed = 00:02:40 . Memory (MB): peak = 748.930 ; gain = 539.516
Finished Handling Custom Attributes : Time (s): cpu = 00:02:27 ; elapsed = 00:02:40 . Memory (MB): peak = 748.930 ; gain = 539.516
Finished Renaming Generated Nets : Time (s): cpu = 00:02:27 ; elapsed = 00:02:41 . Memory (MB): peak = 748.930 ; gain = 539.516

Report Cell Usage: 
+------+--------+------+
|      |Cell    |Count |
+------+--------+------+
|1     |CARRY4  |     2|
|2     |LUT1    |     3|
|3     |LUT2    |    19|
|4     |LUT3    |   283|
|5     |LUT4    |    22|
|6     |LUT5    |    45|
|7     |LUT6    |   198|
|8     |SRLC32E |    38|
|9     |FDRE    |   910|
|10    |FDSE    |     2|
+------+--------+------+
Finished Writing Synthesis Report : Time (s): cpu = 00:02:27 ; elapsed = 00:02:41 . Memory (MB): peak = 748.930 ; gain = 539.516
synth_design: Time (s): cpu = 00:02:23 ; elapsed = 00:02:27 . Memory (MB): peak = 753.551 ; gain = 476.879
