
*** Running vivado
    with args -log hdmi_dlmb_v10_0.vds -m64 -product Vivado -mode batch -messageDb vivado.pb -notrace -source hdmi_dlmb_v10_0.tcl


****** Vivado v2016.4 (64-bit)
  **** SW Build 1756540 on Mon Jan 23 19:11:23 MST 2017
  **** IP Build 1755317 on Mon Jan 23 20:30:07 MST 2017
    ** Copyright 1986-2016 Xilinx, Inc. All Rights Reserved.

Sourcing tcl script 'C:/Xilinx/Vivado/2016.4/scripts/init.tcl'
209 Beta devices matching pattern found, 24 enabled.
source hdmi_dlmb_v10_0.tcl -notrace
Starting RTL Elaboration : Time (s): cpu = 00:00:11 ; elapsed = 00:00:26 . Memory (MB): peak = 350.070 ; gain = 140.477
INFO: [Synth 8-638] synthesizing module 'hdmi_dlmb_v10_0' [c:/Users/aptay/Downloads/Nexys-Video-HDMI-master/Nexys-Video-HDMI-master/src/bd/hdmi/ip/hdmi_dlmb_v10_0/synth/hdmi_dlmb_v10_0.vhd:89]
INFO: [Synth 8-638] synthesizing module 'lmb_v10' [c:/Users/aptay/Downloads/Nexys-Video-HDMI-master/Nexys-Video-HDMI-master/src/bd/hdmi/ipshared/162e/hdl/lmb_v10_v3_0_vh_rfs.vhd:140]
INFO: [Synth 8-638] synthesizing module 'FDS' [C:/Xilinx/Vivado/2016.4/scripts/rt/data/unisim_comp.v:4087]
INFO: [Synth 8-256] done synthesizing module 'FDS' (1#1) [C:/Xilinx/Vivado/2016.4/scripts/rt/data/unisim_comp.v:4087]
INFO: [Synth 8-256] done synthesizing module 'lmb_v10' (2#1) [c:/Users/aptay/Downloads/Nexys-Video-HDMI-master/Nexys-Video-HDMI-master/src/bd/hdmi/ipshared/162e/hdl/lmb_v10_v3_0_vh_rfs.vhd:140]
INFO: [Synth 8-256] done synthesizing module 'hdmi_dlmb_v10_0' (3#1) [c:/Users/aptay/Downloads/Nexys-Video-HDMI-master/Nexys-Video-HDMI-master/src/bd/hdmi/ip/hdmi_dlmb_v10_0/synth/hdmi_dlmb_v10_0.vhd:89]
Finished RTL Elaboration : Time (s): cpu = 00:00:12 ; elapsed = 00:00:27 . Memory (MB): peak = 388.457 ; gain = 178.863
Finished RTL Optimization Phase 1 : Time (s): cpu = 00:00:12 ; elapsed = 00:00:27 . Memory (MB): peak = 388.457 ; gain = 178.863
INFO: [Device 21-403] Loading part xc7a200tsbg484-1
Constraint Validation Runtime : Time (s): cpu = 00:00:00 ; elapsed = 00:00:00.262 . Memory (MB): peak = 634.352 ; gain = 0.000
Finished Constraint Validation : Time (s): cpu = 00:00:26 ; elapsed = 00:00:43 . Memory (MB): peak = 634.352 ; gain = 424.758
Finished Loading Part and Timing Information : Time (s): cpu = 00:00:26 ; elapsed = 00:00:43 . Memory (MB): peak = 634.352 ; gain = 424.758
Finished applying 'set_property' XDC Constraints : Time (s): cpu = 00:00:26 ; elapsed = 00:00:43 . Memory (MB): peak = 634.352 ; gain = 424.758
Finished RTL Optimization Phase 2 : Time (s): cpu = 00:00:26 ; elapsed = 00:00:43 . Memory (MB): peak = 634.352 ; gain = 424.758
Finished Cross Boundary and Area Optimization : Time (s): cpu = 00:00:27 ; elapsed = 00:00:44 . Memory (MB): peak = 634.352 ; gain = 424.758
Finished Applying XDC Timing Constraints : Time (s): cpu = 00:00:40 ; elapsed = 00:00:58 . Memory (MB): peak = 652.855 ; gain = 443.262
Finished Timing Optimization : Time (s): cpu = 00:00:40 ; elapsed = 00:00:58 . Memory (MB): peak = 652.855 ; gain = 443.262
Finished Technology Mapping : Time (s): cpu = 00:00:40 ; elapsed = 00:00:58 . Memory (MB): peak = 662.543 ; gain = 452.949
Finished IO Insertion : Time (s): cpu = 00:00:41 ; elapsed = 00:00:58 . Memory (MB): peak = 662.543 ; gain = 452.949
Finished Renaming Generated Instances : Time (s): cpu = 00:00:41 ; elapsed = 00:00:58 . Memory (MB): peak = 662.543 ; gain = 452.949
Finished Rebuilding User Hierarchy : Time (s): cpu = 00:00:41 ; elapsed = 00:00:58 . Memory (MB): peak = 662.543 ; gain = 452.949
Finished Renaming Generated Ports : Time (s): cpu = 00:00:41 ; elapsed = 00:00:58 . Memory (MB): peak = 662.543 ; gain = 452.949
Finished Handling Custom Attributes : Time (s): cpu = 00:00:41 ; elapsed = 00:00:58 . Memory (MB): peak = 662.543 ; gain = 452.949
Finished Renaming Generated Nets : Time (s): cpu = 00:00:41 ; elapsed = 00:00:58 . Memory (MB): peak = 662.543 ; gain = 452.949

Report Cell Usage: 
+------+-----+------+
|      |Cell |Count |
+------+-----+------+
|1     |FDS  |     1|
+------+-----+------+
Finished Writing Synthesis Report : Time (s): cpu = 00:00:41 ; elapsed = 00:00:58 . Memory (MB): peak = 662.543 ; gain = 452.949
synth_design: Time (s): cpu = 00:00:36 ; elapsed = 00:00:41 . Memory (MB): peak = 693.043 ; gain = 416.879
